C51 COMPILER V9.51   I2CM_SLAVE                                                            10/28/2016 13:50:57 PAGE 1   


C51 COMPILER V9.51, COMPILATION OF MODULE I2CM_SLAVE
OBJECT MODULE PLACED IN .\DP8051\DP8051_Keil_951\Debug\I2CM_SLAVE.obj
COMPILER INVOKED BY: C:\Program Files (x86)\Cypress\PSoC Creator\3.3\PSoC Creator\import\keil\pk51\9.51\C51\BIN\c51.exe 
                    -.\Generated_Source\PSoC3\I2CM_SLAVE.c NOIV LARGE MODDP2 OMF2 VB(1) NOIP INCDIR(.,Generated_Source\PSoC3) FF(3) DB WL(2) 
                    -PR(.\DP8051\DP8051_Keil_951\Debug/I2CM_SLAVE.lst) CD OT(2,SIZE) OJ(.\DP8051\DP8051_Keil_951\Debug\I2CM_SLAVE.obj)

line level    source

   1          /*******************************************************************************
   2          * File Name: I2CM_SLAVE.c
   3          * Version 3.50
   4          *
   5          * Description:
   6          *  This file provides the source code of APIs for the I2C component Slave mode.
   7          *
   8          * Note:
   9          *
  10          *******************************************************************************
  11          * Copyright 2012-2015, Cypress Semiconductor Corporation. All rights reserved.
  12          * You may use this file only in accordance with the license, terms, conditions,
  13          * disclaimers, and limitations in the end user license agreement accompanying
  14          * the software package with which this file was provided.
  15          *******************************************************************************/
  16          
  17          #include "I2CM_PVT.h"
  18          
  19          #if (I2CM_MODE_SLAVE_ENABLED)
              
              /**********************************
              *      System variables
              **********************************/
              
              volatile uint8 I2CM_slStatus;   /* Slave Status  */
              
              /* Transmit buffer variables */
              volatile uint8 * I2CM_slRdBufPtr;   /* Pointer to Transmit buffer  */
              volatile uint8   I2CM_slRdBufSize;  /* Slave Transmit buffer size  */
              volatile uint8   I2CM_slRdBufIndex; /* Slave Transmit buffer Index */
              
              /* Receive buffer variables */
              volatile uint8 * I2CM_slWrBufPtr;   /* Pointer to Receive buffer  */
              volatile uint8   I2CM_slWrBufSize;  /* Slave Receive buffer size  */
              volatile uint8   I2CM_slWrBufIndex; /* Slave Receive buffer Index */
              
              #if (I2CM_SW_ADRR_DECODE)
                  volatile uint8 I2CM_slAddress;  /* Software address variable */
              #endif /* (I2CM_SW_ADRR_DECODE) */
              
              
              /*******************************************************************************
              * Function Name: I2CM_SlaveStatus
              ********************************************************************************
              *
              * Summary:
              *  Returns I2C slave's communication status.
              *
              * Parameters:
              *  None.
              *
              * Return:
              *  Current status of I2C slave.
C51 COMPILER V9.51   I2CM_SLAVE                                                            10/28/2016 13:50:57 PAGE 2   

              *
              * Global variables:
              *  I2CM_slStatus - The global variable used to store a current
              *                              status of the I2C slave.
              *
              *******************************************************************************/
              uint8 I2CM_SlaveStatus(void) 
              {
                  return (I2CM_slStatus);
              }
              
              
              /*******************************************************************************
              * Function Name: I2CM_SlaveClearReadStatus
              ********************************************************************************
              *
              * Summary:
              *  Clears the read status flags and returns they values.
              *  The I2CM_SSTAT_RD_BUSY flag is not effected by clear.
              *
              * Parameters:
              *  None.
              *
              * Return:
              *  Current read status of I2C slave.
              *
              * Global variables:
              *  I2CM_slStatus - The global variable used to store a current
              *                              status of the I2C slave.
              *
              * Reentrant:
              *  No.
              *
              *******************************************************************************/
              uint8 I2CM_SlaveClearReadStatus(void) 
              {
                  uint8 status;
              
                  I2CM_DisableInt(); /* Lock from interrupt */
              
                  /* Mask of transfer complete flag and Error status */
                  status = (I2CM_slStatus & I2CM_SSTAT_RD_MASK);
                  I2CM_slStatus &= (uint8) ~I2CM_SSTAT_RD_CLEAR;
              
                  I2CM_EnableInt(); /* Release lock */
              
                  return (status);
              }
              
              
              /*******************************************************************************
              * Function Name: I2CM_SlaveClearWriteStatus
              ********************************************************************************
              *
              * Summary:
              *  Clears the write status flags and returns they values.
              *  The I2CM_SSTAT_WR_BUSY flag is not effected by clear.
              *
              * Parameters:
              *  None.
              *
              * Return:
C51 COMPILER V9.51   I2CM_SLAVE                                                            10/28/2016 13:50:57 PAGE 3   

              *  Current write status of I2C slave.
              *
              * Global variables:
              *  I2CM_slStatus - The global variable used to store a current
              *                              status of the I2C slave.
              *
              * Reentrant:
              *  No.
              *
              *******************************************************************************/
              uint8 I2CM_SlaveClearWriteStatus(void) 
              {
                  uint8 status;
              
                  I2CM_DisableInt(); /* Lock from interrupt */
              
                  /* Mask of transfer complete flag and Error status */
                  status = (I2CM_slStatus & I2CM_SSTAT_WR_MASK);
                  I2CM_slStatus &= (uint8) ~I2CM_SSTAT_WR_CLEAR;
              
                  I2CM_EnableInt(); /* Release lock */
              
                  return (status);
              }
              
              
              /*******************************************************************************
              * Function Name: I2CM_SlaveSetAddress
              ********************************************************************************
              *
              * Summary:
              *  Sets the I2C slave address.
              *
              * Parameters:
              *  address: I2C slave address for the primary device. This value may be any
              *  address between 0 and 127.
              *
              * Return:
              *  None.
              *
              * Global variables:
              *  I2CM_Address  - The global variable used to store an I2C slave
              *                              address for the primary device when the software
              *                              address detect feature is used.
              *
              * Reentrant:
              *  No.
              *
              *******************************************************************************/
              void I2CM_SlaveSetAddress(uint8 address) 
              {
              #if (I2CM_SW_ADRR_DECODE)
                  I2CM_slAddress = (address & I2CM_SLAVE_ADDR_MASK);
              #else
                  I2CM_ADDR_REG  = (address & I2CM_SLAVE_ADDR_MASK);
              #endif /* (I2CM_SW_ADRR_DECODE) */
              }
              
              
              /*******************************************************************************
              * Function Name: I2CM_SlaveInitReadBuf
              ********************************************************************************
C51 COMPILER V9.51   I2CM_SLAVE                                                            10/28/2016 13:50:57 PAGE 4   

              *
              * Summary:
              *  Sets the buffer pointer and size of the read buffer. This function also
              *  resets the transfer count returned with the I2C_SlaveGetReadBufSize function.
              *
              * Parameters:
              *  readBuf:  Pointer to the data buffer to be read by the master.
              *  bufSize:  Size of the read buffer exposed to the I2C master.
              *
              * Return:
              *  None.
              *
              * Global variables:
              *  I2CM_slRdBufPtr   - The global variable used to store a pointer
              *                                  to the slave read buffer.
              *  I2CM_slRdBufSize  - The global variable used to store a slave
              *                                  read buffer size.
              *  I2CM_slRdBufIndex - The global variable used to store a current
              *                                  index within the slave read buffer.
              *
              * Side Effects:
              *  If this function is called during a bus transaction, data from the previous
              *  buffer location and the beginning of the current buffer may be transmitted.
              *
              * Reentrant:
              *  No.
              *
              *******************************************************************************/
              void I2CM_SlaveInitReadBuf(uint8 * rdBuf, uint8 bufSize)
                   
              {
                  if (NULL != rdBuf)
                  {
                      I2CM_DisableInt(); /* Lock from interrupt */
              
                      /* Set buffer pointer */
                      I2CM_slRdBufPtr   = (volatile uint8 *) rdBuf;
                      I2CM_slRdBufSize  = bufSize;    /* Set buffer size     */
                      I2CM_slRdBufIndex = 0u;         /* Clears buffer index */
              
                      I2CM_EnableInt(); /* Release lock */
                  }
              }
              
              
              /*******************************************************************************
              * Function Name: I2CM_SlaveInitWriteBuf
              ********************************************************************************
              *
              * Summary:
              *  Sets the buffer pointer and size of the read buffer. This function also
              *  resets the transfer count returned with the I2C_SlaveGetReadBufSize function.
              *
              * Parameters:
              *  writeBuf:  Pointer to the data buffer to be read by the master.
              *  bufSize:  Size of the buffer exposed to the I2C master.
              *
              * Return:
              *  None.
              *
              * Global variables:
              *  I2CM_slWrBufPtr   - The global variable used to store a pointer
C51 COMPILER V9.51   I2CM_SLAVE                                                            10/28/2016 13:50:57 PAGE 5   

              *                                  to the slave write buffer.
              *  I2CM_slWrBufSize  - The global variable used to store a slave
              *                                  write buffer size.
              *  I2CM_slWrBufIndex - The global variable used to store a current
              *                                  index within the slave write buffer.
              *
              * Side Effects:
              *  If this function is called during a bus transaction, data from the previous
              *  buffer location and the beginning of the current buffer may be transmitted.
              *
              * Reentrant:
              *  No.
              *
              *******************************************************************************/
              void I2CM_SlaveInitWriteBuf(uint8 * wrBuf, uint8 bufSize)
                   
              {
                  if (NULL != wrBuf)
                  {
                      I2CM_DisableInt(); /* Lock from interrupt */
              
                       /* Set buffer pointer */
                      I2CM_slWrBufPtr   = (volatile uint8 *) wrBuf;
                      I2CM_slWrBufSize  = bufSize;    /* Set buffer size     */
                      I2CM_slWrBufIndex = 0u;         /* Clears buffer index */
              
                      I2CM_EnableInt(); /* Release lock */
                  }
              }
              
              
              /*******************************************************************************
              * Function Name: I2CM_SlaveGetReadBufSize
              ********************************************************************************
              *
              * Summary:
              *  Returns the number of bytes read by the I2C master since an
              *  I2C_SlaveInitReadBuf or I2C_SlaveClearReadBuf function was executed.
              *  The maximum return value will be the size of the read buffer.
              *
              * Parameters:
              *  None.
              *
              * Return:
              *  Bytes read by master.
              *
              * Global variables:
              *  I2CM_slRdBufIndex - The global variable used to store a current
              *                                  index within the slave read buffer.
              *
              *******************************************************************************/
              uint8 I2CM_SlaveGetReadBufSize(void) 
              {
                  return (I2CM_slRdBufIndex);
              }
              
              
              /*******************************************************************************
              * Function Name: I2CM_SlaveGetWriteBufSize
              ********************************************************************************
              *
              * Summary:
C51 COMPILER V9.51   I2CM_SLAVE                                                            10/28/2016 13:50:57 PAGE 6   

              *  Returns the number of bytes written by the I2C master since an
              *  I2C_SlaveInitWriteBuf or I2C_SlaveClearWriteBuf function was executed.
              *  The maximum return value will be the size of the write buffer.
              *
              * Parameters:
              *  None.
              *
              * Return:
              *  Bytes written by master.
              *
              * Global variables:
              *  I2CM_slWrBufIndex - The global variable used to store a current
              *                                  index within the slave write buffer.
              *
              *******************************************************************************/
              uint8 I2CM_SlaveGetWriteBufSize(void) 
              {
                  return (I2CM_slWrBufIndex);
              }
              
              
              /*******************************************************************************
              * Function Name: I2CM_SlaveClearReadBuf
              ********************************************************************************
              *
              * Summary:
              *  Resets the read pointer to the first byte in the read buffer. The next byte
              *  read by the master will be the first byte in the read buffer.
              *
              * Parameters:
              *  None.
              *
              * Return:
              *  None.
              *
              * Global variables:
              *  I2CM_slRdBufIndex - The global variable used to store a current
              *                                  index the within slave read buffer.
              *
              * Reentrant:
              *  No.
              *
              *******************************************************************************/
              void I2CM_SlaveClearReadBuf(void) 
              {
                  I2CM_slRdBufIndex = 0u;
              }
              
              
              /*******************************************************************************
              * Function Name: I2CM_SlaveClearRxBuf
              ********************************************************************************
              *
              * Summary:
              *  Resets the write pointer to the first byte in the write buffer. The next byte
              *  written by the master will be the first byte in the write buffer.
              *
              * Parameters:
              *  None.
              *
              * Return:
              *  None.
C51 COMPILER V9.51   I2CM_SLAVE                                                            10/28/2016 13:50:57 PAGE 7   

              *
              * Global variables:
              *  I2CM_slWrBufIndex - The global variable used to store a current
              *                                  index within the slave write buffer.
              *
              * Reentrant:
              *  No.
              *
              *******************************************************************************/
              void I2CM_SlaveClearWriteBuf(void) 
              {
                  I2CM_slWrBufIndex = 0u;
              }
              
              #endif /* (I2CM_MODE_SLAVE_ENABLED) */
 379          
 380          
 381          /* [] END OF FILE */
C51 COMPILER V9.51   I2CM_SLAVE                                                            10/28/2016 13:50:57 PAGE 8   

ASSEMBLY LISTING OF GENERATED OBJECT CODE




MODULE INFORMATION:   STATIC OVERLAYABLE
   CODE SIZE        =   ----    ----
   CONSTANT SIZE    =   ----    ----
   XDATA SIZE       =   ----    ----
   PDATA SIZE       =   ----    ----
   DATA SIZE        =   ----    ----
   IDATA SIZE       =   ----    ----
   BIT SIZE         =   ----    ----
   EDATA SIZE       =   ----    ----
   HDATA SIZE       =   ----    ----
   XDATA CONST SIZE =   ----    ----
   FAR CONST SIZE   =   ----    ----
END OF MODULE INFORMATION.


C51 COMPILATION COMPLETE.  0 WARNING(S),  0 ERROR(S)
