ARM GAS  C:\Users\pxc\AppData\Local\Temp\cc4Dvv3w.s 			page 1


   1              		.syntax unified
   2              		.cpu cortex-m3
   3              		.fpu softvfp
   4              		.eabi_attribute 20, 1
   5              		.eabi_attribute 21, 1
   6              		.eabi_attribute 23, 3
   7              		.eabi_attribute 24, 1
   8              		.eabi_attribute 25, 1
   9              		.eabi_attribute 26, 1
  10              		.eabi_attribute 30, 1
  11              		.eabi_attribute 34, 1
  12              		.eabi_attribute 18, 4
  13              		.thumb
  14              		.file	"cymetadata.c"
  15              		.text
  16              	.Ltext0:
  17              		.cfi_sections	.debug_frame
  18              		.global	cy_metadata
  19              		.global	cy_meta_flashprotect
  20              		.global	cy_meta_wonvl
  21              		.global	cy_meta_custnvl
  22              		.global	cy_meta_configecc
  23              		.section	.cyconfigecc,"a",%progbits
  24              		.align	2
  25              		.type	cy_meta_configecc, %object
  26              		.size	cy_meta_configecc, 1016
  27              	cy_meta_configecc:
  28 0000 02       		.byte	2
  29 0001 52       		.byte	82
  30 0002 00       		.byte	0
  31 0003 40       		.byte	64
  32 0004 03       		.byte	3
  33 0005 64       		.byte	100
  34 0006 00       		.byte	0
  35 0007 40       		.byte	64
  36 0008 01       		.byte	1
  37 0009 03       		.byte	3
  38 000a 01       		.byte	1
  39 000b 40       		.byte	64
  40 000c 01       		.byte	1
  41 000d 05       		.byte	5
  42 000e 01       		.byte	1
  43 000f 40       		.byte	64
  44 0010 02       		.byte	2
  45 0011 09       		.byte	9
  46 0012 01       		.byte	1
  47 0013 40       		.byte	64
  48 0014 4C       		.byte	76
  49 0015 0A       		.byte	10
  50 0016 01       		.byte	1
  51 0017 40       		.byte	64
  52 0018 4F       		.byte	79
  53 0019 0B       		.byte	11
  54 001a 01       		.byte	1
  55 001b 40       		.byte	64
  56 001c 62       		.byte	98
  57 001d 0C       		.byte	12
ARM GAS  C:\Users\pxc\AppData\Local\Temp\cc4Dvv3w.s 			page 2


  58 001e 01       		.byte	1
  59 001f 40       		.byte	64
  60 0020 42       		.byte	66
  61 0021 0D       		.byte	13
  62 0022 01       		.byte	1
  63 0023 40       		.byte	64
  64 0024 42       		.byte	66
  65 0025 0E       		.byte	14
  66 0026 01       		.byte	1
  67 0027 40       		.byte	64
  68 0028 31       		.byte	49
  69 0029 0F       		.byte	15
  70 002a 01       		.byte	1
  71 002b 40       		.byte	64
  72 002c 03       		.byte	3
  73 002d 40       		.byte	64
  74 002e 01       		.byte	1
  75 002f 40       		.byte	64
  76 0030 04       		.byte	4
  77 0031 41       		.byte	65
  78 0032 01       		.byte	1
  79 0033 40       		.byte	64
  80 0034 03       		.byte	3
  81 0035 42       		.byte	66
  82 0036 01       		.byte	1
  83 0037 40       		.byte	64
  84 0038 04       		.byte	4
  85 0039 45       		.byte	69
  86 003a 01       		.byte	1
  87 003b 40       		.byte	64
  88 003c 04       		.byte	4
  89 003d 46       		.byte	70
  90 003e 01       		.byte	1
  91 003f 40       		.byte	64
  92 0040 03       		.byte	3
  93 0041 50       		.byte	80
  94 0042 01       		.byte	1
  95 0043 40       		.byte	64
  96 0044 01       		.byte	1
  97 0045 51       		.byte	81
  98 0046 01       		.byte	1
  99 0047 40       		.byte	64
 100 0048 10       		.byte	16
 101 0049 20       		.byte	32
 102 004a 14       		.byte	20
 103 004b 10       		.byte	16
 104 004c 8A       		.byte	-118
 105 004d 0F       		.byte	15
 106 004e 8D       		.byte	-115
 107 004f 38       		.byte	56
 108 0050 8E       		.byte	-114
 109 0051 72       		.byte	114
 110 0052 E6       		.byte	-26
 111 0053 02       		.byte	2
 112 0054 E2       		.byte	-30
 113 0055 02       		.byte	2
 114 0056 B0       		.byte	-80
ARM GAS  C:\Users\pxc\AppData\Local\Temp\cc4Dvv3w.s 			page 3


 115 0057 08       		.byte	8
 116 0058 B3       		.byte	-77
 117 0059 20       		.byte	32
 118 005a 07       		.byte	7
 119 005b 02       		.byte	2
 120 005c 08       		.byte	8
 121 005d 0C       		.byte	12
 122 005e 0A       		.byte	10
 123 005f 03       		.byte	3
 124 0060 0B       		.byte	11
 125 0061 01       		.byte	1
 126 0062 0E       		.byte	14
 127 0063 0C       		.byte	12
 128 0064 12       		.byte	18
 129 0065 20       		.byte	32
 130 0066 14       		.byte	20
 131 0067 01       		.byte	1
 132 0068 16       		.byte	22
 133 0069 0E       		.byte	14
 134 006a 17       		.byte	23
 135 006b 02       		.byte	2
 136 006c 18       		.byte	24
 137 006d 10       		.byte	16
 138 006e 19       		.byte	25
 139 006f 02       		.byte	2
 140 0070 1F       		.byte	31
 141 0071 01       		.byte	1
 142 0072 22       		.byte	34
 143 0073 08       		.byte	8
 144 0074 24       		.byte	36
 145 0075 01       		.byte	1
 146 0076 26       		.byte	38
 147 0077 06       		.byte	6
 148 0078 27       		.byte	39
 149 0079 02       		.byte	2
 150 007a 29       		.byte	41
 151 007b 02       		.byte	2
 152 007c 2A       		.byte	42
 153 007d 03       		.byte	3
 154 007e 31       		.byte	49
 155 007f 01       		.byte	1
 156 0080 32       		.byte	50
 157 0081 10       		.byte	16
 158 0082 34       		.byte	52
 159 0083 0F       		.byte	15
 160 0084 36       		.byte	54
 161 0085 20       		.byte	32
 162 0086 37       		.byte	55
 163 0087 02       		.byte	2
 164 0088 3A       		.byte	58
 165 0089 22       		.byte	34
 166 008a 3E       		.byte	62
 167 008b 04       		.byte	4
 168 008c 3F       		.byte	63
 169 008d 41       		.byte	65
 170 008e 40       		.byte	64
 171 008f 26       		.byte	38
ARM GAS  C:\Users\pxc\AppData\Local\Temp\cc4Dvv3w.s 			page 4


 172 0090 41       		.byte	65
 173 0091 03       		.byte	3
 174 0092 45       		.byte	69
 175 0093 EE       		.byte	-18
 176 0094 46       		.byte	70
 177 0095 B0       		.byte	-80
 178 0096 47       		.byte	71
 179 0097 0C       		.byte	12
 180 0098 48       		.byte	72
 181 0099 1B       		.byte	27
 182 009a 49       		.byte	73
 183 009b FF       		.byte	-1
 184 009c 4A       		.byte	74
 185 009d FF       		.byte	-1
 186 009e 4B       		.byte	75
 187 009f FF       		.byte	-1
 188 00a0 4E       		.byte	78
 189 00a1 F0       		.byte	-16
 190 00a2 4F       		.byte	79
 191 00a3 44       		.byte	68
 192 00a4 50       		.byte	80
 193 00a5 0C       		.byte	12
 194 00a6 54       		.byte	84
 195 00a7 01       		.byte	1
 196 00a8 56       		.byte	86
 197 00a9 04       		.byte	4
 198 00aa 58       		.byte	88
 199 00ab 04       		.byte	4
 200 00ac 59       		.byte	89
 201 00ad 04       		.byte	4
 202 00ae 5A       		.byte	90
 203 00af 04       		.byte	4
 204 00b0 5B       		.byte	91
 205 00b1 04       		.byte	4
 206 00b2 5F       		.byte	95
 207 00b3 01       		.byte	1
 208 00b4 66       		.byte	102
 209 00b5 C0       		.byte	-64
 210 00b6 6A       		.byte	106
 211 00b7 40       		.byte	64
 212 00b8 6B       		.byte	107
 213 00b9 02       		.byte	2
 214 00ba 84       		.byte	-124
 215 00bb 14       		.byte	20
 216 00bc 85       		.byte	-123
 217 00bd 02       		.byte	2
 218 00be 88       		.byte	-120
 219 00bf 5C       		.byte	92
 220 00c0 89       		.byte	-119
 221 00c1 01       		.byte	1
 222 00c2 8A       		.byte	-118
 223 00c3 02       		.byte	2
 224 00c4 8C       		.byte	-116
 225 00c5 09       		.byte	9
 226 00c6 8E       		.byte	-114
 227 00c7 10       		.byte	16
 228 00c8 92       		.byte	-110
ARM GAS  C:\Users\pxc\AppData\Local\Temp\cc4Dvv3w.s 			page 5


 229 00c9 03       		.byte	3
 230 00ca 94       		.byte	-108
 231 00cb 6C       		.byte	108
 232 00cc 95       		.byte	-107
 233 00cd 01       		.byte	1
 234 00ce 96       		.byte	-106
 235 00cf 11       		.byte	17
 236 00d0 9B       		.byte	-101
 237 00d1 01       		.byte	1
 238 00d2 9D       		.byte	-99
 239 00d3 04       		.byte	4
 240 00d4 A0       		.byte	-96
 241 00d5 10       		.byte	16
 242 00d6 A4       		.byte	-92
 243 00d7 70       		.byte	112
 244 00d8 A6       		.byte	-90
 245 00d9 0C       		.byte	12
 246 00da AA       		.byte	-86
 247 00db 20       		.byte	32
 248 00dc B0       		.byte	-80
 249 00dd 1F       		.byte	31
 250 00de B4       		.byte	-76
 251 00df 60       		.byte	96
 252 00e0 B5       		.byte	-75
 253 00e1 04       		.byte	4
 254 00e2 B7       		.byte	-73
 255 00e3 03       		.byte	3
 256 00e4 B8       		.byte	-72
 257 00e5 20       		.byte	32
 258 00e6 B9       		.byte	-71
 259 00e7 80       		.byte	-128
 260 00e8 BE       		.byte	-66
 261 00e9 10       		.byte	16
 262 00ea BF       		.byte	-65
 263 00eb 10       		.byte	16
 264 00ec D8       		.byte	-40
 265 00ed 04       		.byte	4
 266 00ee D9       		.byte	-39
 267 00ef 04       		.byte	4
 268 00f0 DF       		.byte	-33
 269 00f1 01       		.byte	1
 270 00f2 03       		.byte	3
 271 00f3 05       		.byte	5
 272 00f4 05       		.byte	5
 273 00f5 10       		.byte	16
 274 00f6 06       		.byte	6
 275 00f7 10       		.byte	16
 276 00f8 07       		.byte	7
 277 00f9 05       		.byte	5
 278 00fa 08       		.byte	8
 279 00fb 01       		.byte	1
 280 00fc 0A       		.byte	10
 281 00fd 10       		.byte	16
 282 00fe 0B       		.byte	11
 283 00ff 08       		.byte	8
 284 0100 0C       		.byte	12
 285 0101 04       		.byte	4
ARM GAS  C:\Users\pxc\AppData\Local\Temp\cc4Dvv3w.s 			page 6


 286 0102 0E       		.byte	14
 287 0103 90       		.byte	-112
 288 0104 11       		.byte	17
 289 0105 02       		.byte	2
 290 0106 12       		.byte	18
 291 0107 04       		.byte	4
 292 0108 13       		.byte	19
 293 0109 0A       		.byte	10
 294 010a 14       		.byte	20
 295 010b 10       		.byte	16
 296 010c 16       		.byte	22
 297 010d 04       		.byte	4
 298 010e 17       		.byte	23
 299 010f 0A       		.byte	10
 300 0110 18       		.byte	24
 301 0111 02       		.byte	2
 302 0112 19       		.byte	25
 303 0113 14       		.byte	20
 304 0114 1A       		.byte	26
 305 0115 40       		.byte	64
 306 0116 1B       		.byte	27
 307 0117 10       		.byte	16
 308 0118 1D       		.byte	29
 309 0119 20       		.byte	32
 310 011a 1E       		.byte	30
 311 011b 80       		.byte	-128
 312 011c 22       		.byte	34
 313 011d 42       		.byte	66
 314 011e 26       		.byte	38
 315 011f 90       		.byte	-112
 316 0120 27       		.byte	39
 317 0121 01       		.byte	1
 318 0122 28       		.byte	40
 319 0123 04       		.byte	4
 320 0124 2B       		.byte	43
 321 0125 10       		.byte	16
 322 0126 30       		.byte	48
 323 0127 18       		.byte	24
 324 0128 33       		.byte	51
 325 0129 50       		.byte	80
 326 012a 35       		.byte	53
 327 012b 10       		.byte	16
 328 012c 36       		.byte	54
 329 012d 40       		.byte	64
 330 012e 37       		.byte	55
 331 012f 08       		.byte	8
 332 0130 38       		.byte	56
 333 0131 20       		.byte	32
 334 0132 3A       		.byte	58
 335 0133 04       		.byte	4
 336 0134 3C       		.byte	60
 337 0135 08       		.byte	8
 338 0136 3E       		.byte	62
 339 0137 10       		.byte	16
 340 0138 42       		.byte	66
 341 0139 10       		.byte	16
 342 013a 43       		.byte	67
ARM GAS  C:\Users\pxc\AppData\Local\Temp\cc4Dvv3w.s 			page 7


 343 013b 10       		.byte	16
 344 013c 48       		.byte	72
 345 013d 04       		.byte	4
 346 013e 49       		.byte	73
 347 013f 41       		.byte	65
 348 0140 4A       		.byte	74
 349 0141 02       		.byte	2
 350 0142 4B       		.byte	75
 351 0143 08       		.byte	8
 352 0144 50       		.byte	80
 353 0145 08       		.byte	8
 354 0146 52       		.byte	82
 355 0147 10       		.byte	16
 356 0148 59       		.byte	89
 357 0149 05       		.byte	5
 358 014a 5A       		.byte	90
 359 014b 80       		.byte	-128
 360 014c 5B       		.byte	91
 361 014d 20       		.byte	32
 362 014e 61       		.byte	97
 363 014f 02       		.byte	2
 364 0150 85       		.byte	-123
 365 0151 02       		.byte	2
 366 0152 86       		.byte	-122
 367 0153 10       		.byte	16
 368 0154 90       		.byte	-112
 369 0155 20       		.byte	32
 370 0156 92       		.byte	-110
 371 0157 10       		.byte	16
 372 0158 94       		.byte	-108
 373 0159 02       		.byte	2
 374 015a 96       		.byte	-106
 375 015b 40       		.byte	64
 376 015c 98       		.byte	-104
 377 015d 01       		.byte	1
 378 015e 9A       		.byte	-102
 379 015f 04       		.byte	4
 380 0160 9B       		.byte	-101
 381 0161 48       		.byte	72
 382 0162 9D       		.byte	-99
 383 0163 40       		.byte	64
 384 0164 9F       		.byte	-97
 385 0165 04       		.byte	4
 386 0166 A0       		.byte	-96
 387 0167 04       		.byte	4
 388 0168 A1       		.byte	-95
 389 0169 01       		.byte	1
 390 016a A4       		.byte	-92
 391 016b 08       		.byte	8
 392 016c A5       		.byte	-91
 393 016d 20       		.byte	32
 394 016e A6       		.byte	-90
 395 016f 80       		.byte	-128
 396 0170 A7       		.byte	-89
 397 0171 10       		.byte	16
 398 0172 B0       		.byte	-80
 399 0173 01       		.byte	1
ARM GAS  C:\Users\pxc\AppData\Local\Temp\cc4Dvv3w.s 			page 8


 400 0174 B1       		.byte	-79
 401 0175 08       		.byte	8
 402 0176 B6       		.byte	-74
 403 0177 48       		.byte	72
 404 0178 B7       		.byte	-73
 405 0179 48       		.byte	72
 406 017a C0       		.byte	-64
 407 017b E3       		.byte	-29
 408 017c C2       		.byte	-62
 409 017d 3E       		.byte	62
 410 017e C4       		.byte	-60
 411 017f 7E       		.byte	126
 412 0180 CA       		.byte	-54
 413 0181 06       		.byte	6
 414 0182 CC       		.byte	-52
 415 0183 7E       		.byte	126
 416 0184 CE       		.byte	-50
 417 0185 66       		.byte	102
 418 0186 D0       		.byte	-48
 419 0187 06       		.byte	6
 420 0188 D2       		.byte	-46
 421 0189 04       		.byte	4
 422 018a D6       		.byte	-42
 423 018b 0F       		.byte	15
 424 018c D8       		.byte	-40
 425 018d 01       		.byte	1
 426 018e E4       		.byte	-28
 427 018f 08       		.byte	8
 428 0190 07       		.byte	7
 429 0191 05       		.byte	5
 430 0192 09       		.byte	9
 431 0193 0A       		.byte	10
 432 0194 0B       		.byte	11
 433 0195 04       		.byte	4
 434 0196 0D       		.byte	13
 435 0197 30       		.byte	48
 436 0198 11       		.byte	17
 437 0199 30       		.byte	48
 438 019a 15       		.byte	21
 439 019b 03       		.byte	3
 440 019c 17       		.byte	23
 441 019d 0C       		.byte	12
 442 019e 19       		.byte	25
 443 019f 20       		.byte	32
 444 01a0 1B       		.byte	27
 445 01a1 10       		.byte	16
 446 01a2 1F       		.byte	31
 447 01a3 08       		.byte	8
 448 01a4 21       		.byte	33
 449 01a5 20       		.byte	32
 450 01a6 23       		.byte	35
 451 01a7 10       		.byte	16
 452 01a8 25       		.byte	37
 453 01a9 03       		.byte	3
 454 01aa 27       		.byte	39
 455 01ab 04       		.byte	4
 456 01ac 29       		.byte	41
ARM GAS  C:\Users\pxc\AppData\Local\Temp\cc4Dvv3w.s 			page 9


 457 01ad 03       		.byte	3
 458 01ae 2B       		.byte	43
 459 01af 04       		.byte	4
 460 01b0 33       		.byte	51
 461 01b1 20       		.byte	32
 462 01b2 35       		.byte	53
 463 01b3 0F       		.byte	15
 464 01b4 37       		.byte	55
 465 01b5 10       		.byte	16
 466 01b6 39       		.byte	57
 467 01b7 80       		.byte	-128
 468 01b8 3B       		.byte	59
 469 01b9 20       		.byte	32
 470 01ba 3F       		.byte	63
 471 01bb 04       		.byte	4
 472 01bc 40       		.byte	64
 473 01bd 02       		.byte	2
 474 01be 47       		.byte	71
 475 01bf 40       		.byte	64
 476 01c0 49       		.byte	73
 477 01c1 FF       		.byte	-1
 478 01c2 4A       		.byte	74
 479 01c3 07       		.byte	7
 480 01c4 4B       		.byte	75
 481 01c5 FF       		.byte	-1
 482 01c6 4C       		.byte	76
 483 01c7 40       		.byte	64
 484 01c8 4D       		.byte	77
 485 01c9 20       		.byte	32
 486 01ca 4E       		.byte	78
 487 01cb F0       		.byte	-16
 488 01cc 4F       		.byte	79
 489 01cd 05       		.byte	5
 490 01ce 50       		.byte	80
 491 01cf 08       		.byte	8
 492 01d0 59       		.byte	89
 493 01d1 04       		.byte	4
 494 01d2 5A       		.byte	90
 495 01d3 04       		.byte	4
 496 01d4 5F       		.byte	95
 497 01d5 01       		.byte	1
 498 01d6 60       		.byte	96
 499 01d7 40       		.byte	64
 500 01d8 61       		.byte	97
 501 01d9 A8       		.byte	-88
 502 01da 62       		.byte	98
 503 01db 40       		.byte	64
 504 01dc 63       		.byte	99
 505 01dd 20       		.byte	32
 506 01de 82       		.byte	-126
 507 01df 06       		.byte	6
 508 01e0 85       		.byte	-123
 509 01e1 67       		.byte	103
 510 01e2 86       		.byte	-122
 511 01e3 03       		.byte	3
 512 01e4 88       		.byte	-120
 513 01e5 06       		.byte	6
ARM GAS  C:\Users\pxc\AppData\Local\Temp\cc4Dvv3w.s 			page 10


 514 01e6 89       		.byte	-119
 515 01e7 67       		.byte	103
 516 01e8 8A       		.byte	-118
 517 01e9 01       		.byte	1
 518 01ea 8E       		.byte	-114
 519 01eb 10       		.byte	16
 520 01ec 90       		.byte	-112
 521 01ed 08       		.byte	8
 522 01ee 95       		.byte	-107
 523 01ef 44       		.byte	68
 524 01f0 96       		.byte	-106
 525 01f1 01       		.byte	1
 526 01f2 97       		.byte	-105
 527 01f3 31       		.byte	49
 528 01f4 99       		.byte	-103
 529 01f5 01       		.byte	1
 530 01f6 9A       		.byte	-102
 531 01f7 05       		.byte	5
 532 01f8 9B       		.byte	-101
 533 01f9 0E       		.byte	14
 534 01fa 9E       		.byte	-98
 535 01fb 10       		.byte	16
 536 01fc A2       		.byte	-94
 537 01fd 02       		.byte	2
 538 01fe A4       		.byte	-92
 539 01ff 08       		.byte	8
 540 0200 A8       		.byte	-88
 541 0201 08       		.byte	8
 542 0202 AD       		.byte	-83
 543 0203 22       		.byte	34
 544 0204 AF       		.byte	-81
 545 0205 51       		.byte	81
 546 0206 B0       		.byte	-80
 547 0207 08       		.byte	8
 548 0208 B2       		.byte	-78
 549 0209 07       		.byte	7
 550 020a B3       		.byte	-77
 551 020b 60       		.byte	96
 552 020c B4       		.byte	-76
 553 020d 10       		.byte	16
 554 020e B5       		.byte	-75
 555 020f 07       		.byte	7
 556 0210 B7       		.byte	-73
 557 0211 18       		.byte	24
 558 0212 BA       		.byte	-70
 559 0213 08       		.byte	8
 560 0214 BE       		.byte	-66
 561 0215 10       		.byte	16
 562 0216 BF       		.byte	-65
 563 0217 40       		.byte	64
 564 0218 C0       		.byte	-64
 565 0219 54       		.byte	84
 566 021a C1       		.byte	-63
 567 021b 06       		.byte	6
 568 021c C2       		.byte	-62
 569 021d 03       		.byte	3
 570 021e C4       		.byte	-60
ARM GAS  C:\Users\pxc\AppData\Local\Temp\cc4Dvv3w.s 			page 11


 571 021f 01       		.byte	1
 572 0220 C5       		.byte	-59
 573 0221 E0       		.byte	-32
 574 0222 C6       		.byte	-58
 575 0223 C0       		.byte	-64
 576 0224 C8       		.byte	-56
 577 0225 0A       		.byte	10
 578 0226 C9       		.byte	-55
 579 0227 FF       		.byte	-1
 580 0228 CA       		.byte	-54
 581 0229 FF       		.byte	-1
 582 022a CB       		.byte	-53
 583 022b FF       		.byte	-1
 584 022c CC       		.byte	-52
 585 022d 62       		.byte	98
 586 022e CD       		.byte	-51
 587 022f A0       		.byte	-96
 588 0230 CE       		.byte	-50
 589 0231 F0       		.byte	-16
 590 0232 CF       		.byte	-49
 591 0233 41       		.byte	65
 592 0234 D0       		.byte	-48
 593 0235 0C       		.byte	12
 594 0236 D4       		.byte	-44
 595 0237 18       		.byte	24
 596 0238 D6       		.byte	-42
 597 0239 04       		.byte	4
 598 023a D8       		.byte	-40
 599 023b 04       		.byte	4
 600 023c D9       		.byte	-39
 601 023d 04       		.byte	4
 602 023e DA       		.byte	-38
 603 023f 04       		.byte	4
 604 0240 DB       		.byte	-37
 605 0241 04       		.byte	4
 606 0242 DF       		.byte	-33
 607 0243 01       		.byte	1
 608 0244 E6       		.byte	-26
 609 0245 40       		.byte	64
 610 0246 E7       		.byte	-25
 611 0247 02       		.byte	2
 612 0248 E9       		.byte	-23
 613 0249 10       		.byte	16
 614 024a EA       		.byte	-22
 615 024b 30       		.byte	48
 616 024c EB       		.byte	-21
 617 024d 10       		.byte	16
 618 024e ED       		.byte	-19
 619 024f 10       		.byte	16
 620 0250 EE       		.byte	-18
 621 0251 10       		.byte	16
 622 0252 EF       		.byte	-17
 623 0253 12       		.byte	18
 624 0254 00       		.byte	0
 625 0255 80       		.byte	-128
 626 0256 01       		.byte	1
 627 0257 08       		.byte	8
ARM GAS  C:\Users\pxc\AppData\Local\Temp\cc4Dvv3w.s 			page 12


 628 0258 02       		.byte	2
 629 0259 80       		.byte	-128
 630 025a 03       		.byte	3
 631 025b 04       		.byte	4
 632 025c 09       		.byte	9
 633 025d 94       		.byte	-108
 634 025e 0A       		.byte	10
 635 025f 80       		.byte	-128
 636 0260 11       		.byte	17
 637 0261 16       		.byte	22
 638 0262 18       		.byte	24
 639 0263 04       		.byte	4
 640 0264 19       		.byte	25
 641 0265 08       		.byte	8
 642 0266 1A       		.byte	26
 643 0267 10       		.byte	16
 644 0268 1B       		.byte	27
 645 0269 03       		.byte	3
 646 026a 20       		.byte	32
 647 026b 01       		.byte	1
 648 026c 22       		.byte	34
 649 026d 14       		.byte	20
 650 026e 25       		.byte	37
 651 026f 90       		.byte	-112
 652 0270 27       		.byte	39
 653 0271 18       		.byte	24
 654 0272 28       		.byte	40
 655 0273 01       		.byte	1
 656 0274 2C       		.byte	44
 657 0275 08       		.byte	8
 658 0276 2D       		.byte	45
 659 0277 08       		.byte	8
 660 0278 2F       		.byte	47
 661 0279 40       		.byte	64
 662 027a 30       		.byte	48
 663 027b 14       		.byte	20
 664 027c 32       		.byte	50
 665 027d 14       		.byte	20
 666 027e 35       		.byte	53
 667 027f 01       		.byte	1
 668 0280 36       		.byte	54
 669 0281 A1       		.byte	-95
 670 0282 37       		.byte	55
 671 0283 08       		.byte	8
 672 0284 39       		.byte	57
 673 0285 14       		.byte	20
 674 0286 3C       		.byte	60
 675 0287 08       		.byte	8
 676 0288 3D       		.byte	61
 677 0289 40       		.byte	64
 678 028a 3E       		.byte	62
 679 028b 40       		.byte	64
 680 028c 3F       		.byte	63
 681 028d 20       		.byte	32
 682 028e 40       		.byte	64
 683 028f 01       		.byte	1
 684 0290 43       		.byte	67
ARM GAS  C:\Users\pxc\AppData\Local\Temp\cc4Dvv3w.s 			page 13


 685 0291 0A       		.byte	10
 686 0292 45       		.byte	69
 687 0293 20       		.byte	32
 688 0294 48       		.byte	72
 689 0295 40       		.byte	64
 690 0296 4A       		.byte	74
 691 0297 09       		.byte	9
 692 0298 50       		.byte	80
 693 0299 10       		.byte	16
 694 029a 54       		.byte	84
 695 029b 04       		.byte	4
 696 029c 55       		.byte	85
 697 029d 05       		.byte	5
 698 029e 56       		.byte	86
 699 029f 04       		.byte	4
 700 02a0 5B       		.byte	91
 701 02a1 02       		.byte	2
 702 02a2 60       		.byte	96
 703 02a3 04       		.byte	4
 704 02a4 61       		.byte	97
 705 02a5 40       		.byte	64
 706 02a6 63       		.byte	99
 707 02a7 40       		.byte	64
 708 02a8 87       		.byte	-121
 709 02a9 40       		.byte	64
 710 02aa 91       		.byte	-111
 711 02ab 14       		.byte	20
 712 02ac 92       		.byte	-110
 713 02ad 80       		.byte	-128
 714 02ae 93       		.byte	-109
 715 02af 80       		.byte	-128
 716 02b0 94       		.byte	-108
 717 02b1 02       		.byte	2
 718 02b2 95       		.byte	-107
 719 02b3 40       		.byte	64
 720 02b4 96       		.byte	-106
 721 02b5 08       		.byte	8
 722 02b6 99       		.byte	-103
 723 02b7 01       		.byte	1
 724 02b8 9B       		.byte	-101
 725 02b9 42       		.byte	66
 726 02ba 9C       		.byte	-100
 727 02bb 14       		.byte	20
 728 02bc 9F       		.byte	-97
 729 02bd 10       		.byte	16
 730 02be A2       		.byte	-94
 731 02bf 20       		.byte	32
 732 02c0 A5       		.byte	-91
 733 02c1 08       		.byte	8
 734 02c2 A7       		.byte	-89
 735 02c3 03       		.byte	3
 736 02c4 C0       		.byte	-64
 737 02c5 0F       		.byte	15
 738 02c6 C2       		.byte	-62
 739 02c7 0F       		.byte	15
 740 02c8 C4       		.byte	-60
 741 02c9 0E       		.byte	14
ARM GAS  C:\Users\pxc\AppData\Local\Temp\cc4Dvv3w.s 			page 14


 742 02ca CA       		.byte	-54
 743 02cb E8       		.byte	-24
 744 02cc CC       		.byte	-52
 745 02cd F6       		.byte	-10
 746 02ce CE       		.byte	-50
 747 02cf 76       		.byte	118
 748 02d0 D0       		.byte	-48
 749 02d1 2B       		.byte	43
 750 02d2 D2       		.byte	-46
 751 02d3 0C       		.byte	12
 752 02d4 D6       		.byte	-42
 753 02d5 01       		.byte	1
 754 02d6 D8       		.byte	-40
 755 02d7 0D       		.byte	13
 756 02d8 03       		.byte	3
 757 02d9 04       		.byte	4
 758 02da 04       		.byte	4
 759 02db 0C       		.byte	12
 760 02dc 05       		.byte	5
 761 02dd 18       		.byte	24
 762 02de 06       		.byte	6
 763 02df 03       		.byte	3
 764 02e0 08       		.byte	8
 765 02e1 03       		.byte	3
 766 02e2 09       		.byte	9
 767 02e3 08       		.byte	8
 768 02e4 0D       		.byte	13
 769 02e5 7F       		.byte	127
 770 02e6 0E       		.byte	14
 771 02e7 03       		.byte	3
 772 02e8 10       		.byte	16
 773 02e9 03       		.byte	3
 774 02ea 11       		.byte	17
 775 02eb 67       		.byte	103
 776 02ec 12       		.byte	18
 777 02ed 0C       		.byte	12
 778 02ee 13       		.byte	19
 779 02ef 18       		.byte	24
 780 02f0 14       		.byte	20
 781 02f1 01       		.byte	1
 782 02f2 15       		.byte	21
 783 02f3 24       		.byte	36
 784 02f4 18       		.byte	24
 785 02f5 02       		.byte	2
 786 02f6 19       		.byte	25
 787 02f7 1C       		.byte	28
 788 02f8 1B       		.byte	27
 789 02f9 62       		.byte	98
 790 02fa 1C       		.byte	28
 791 02fb 0F       		.byte	15
 792 02fc 1D       		.byte	29
 793 02fd 1C       		.byte	28
 794 02fe 1F       		.byte	31
 795 02ff 61       		.byte	97
 796 0300 20       		.byte	32
 797 0301 08       		.byte	8
 798 0302 21       		.byte	33
ARM GAS  C:\Users\pxc\AppData\Local\Temp\cc4Dvv3w.s 			page 15


 799 0303 10       		.byte	16
 800 0304 24       		.byte	36
 801 0305 04       		.byte	4
 802 0306 25       		.byte	37
 803 0307 60       		.byte	96
 804 0308 28       		.byte	40
 805 0309 0C       		.byte	12
 806 030a 29       		.byte	41
 807 030b 40       		.byte	64
 808 030c 2C       		.byte	44
 809 030d 0F       		.byte	15
 810 030e 2F       		.byte	47
 811 030f 63       		.byte	99
 812 0310 30       		.byte	48
 813 0311 0F       		.byte	15
 814 0312 35       		.byte	53
 815 0313 1F       		.byte	31
 816 0314 37       		.byte	55
 817 0315 60       		.byte	96
 818 0316 3A       		.byte	58
 819 0317 02       		.byte	2
 820 0318 3B       		.byte	59
 821 0319 20       		.byte	32
 822 031a 56       		.byte	86
 823 031b 02       		.byte	2
 824 031c 57       		.byte	87
 825 031d 11       		.byte	17
 826 031e 58       		.byte	88
 827 031f 04       		.byte	4
 828 0320 59       		.byte	89
 829 0321 04       		.byte	4
 830 0322 5B       		.byte	91
 831 0323 04       		.byte	4
 832 0324 5F       		.byte	95
 833 0325 01       		.byte	1
 834 0326 81       		.byte	-127
 835 0327 04       		.byte	4
 836 0328 89       		.byte	-119
 837 0329 06       		.byte	6
 838 032a 8C       		.byte	-116
 839 032b 06       		.byte	6
 840 032c 8D       		.byte	-115
 841 032d 07       		.byte	7
 842 032e 8E       		.byte	-114
 843 032f 01       		.byte	1
 844 0330 90       		.byte	-112
 845 0331 01       		.byte	1
 846 0332 91       		.byte	-111
 847 0333 01       		.byte	1
 848 0334 92       		.byte	-110
 849 0335 06       		.byte	6
 850 0336 93       		.byte	-109
 851 0337 06       		.byte	6
 852 0338 95       		.byte	-107
 853 0339 02       		.byte	2
 854 033a 98       		.byte	-104
 855 033b 06       		.byte	6
ARM GAS  C:\Users\pxc\AppData\Local\Temp\cc4Dvv3w.s 			page 16


 856 033c 99       		.byte	-103
 857 033d 07       		.byte	7
 858 033e 9A       		.byte	-102
 859 033f 01       		.byte	1
 860 0340 9E       		.byte	-98
 861 0341 01       		.byte	1
 862 0342 9F       		.byte	-97
 863 0343 01       		.byte	1
 864 0344 A0       		.byte	-96
 865 0345 07       		.byte	7
 866 0346 A1       		.byte	-95
 867 0347 06       		.byte	6
 868 0348 A3       		.byte	-93
 869 0349 01       		.byte	1
 870 034a A4       		.byte	-92
 871 034b 02       		.byte	2
 872 034c A8       		.byte	-88
 873 034d 06       		.byte	6
 874 034e AC       		.byte	-84
 875 034f 04       		.byte	4
 876 0350 B1       		.byte	-79
 877 0351 07       		.byte	7
 878 0352 B6       		.byte	-74
 879 0353 07       		.byte	7
 880 0354 BA       		.byte	-70
 881 0355 80       		.byte	-128
 882 0356 D8       		.byte	-40
 883 0357 04       		.byte	4
 884 0358 D9       		.byte	-39
 885 0359 04       		.byte	4
 886 035a DF       		.byte	-33
 887 035b 01       		.byte	1
 888 035c 02       		.byte	2
 889 035d 24       		.byte	36
 890 035e 03       		.byte	3
 891 035f 02       		.byte	2
 892 0360 05       		.byte	5
 893 0361 40       		.byte	64
 894 0362 09       		.byte	9
 895 0363 88       		.byte	-120
 896 0364 0A       		.byte	10
 897 0365 48       		.byte	72
 898 0366 0C       		.byte	12
 899 0367 40       		.byte	64
 900 0368 0E       		.byte	14
 901 0369 40       		.byte	64
 902 036a 0F       		.byte	15
 903 036b 06       		.byte	6
 904 036c 10       		.byte	16
 905 036d 80       		.byte	-128
 906 036e 11       		.byte	17
 907 036f 40       		.byte	64
 908 0370 13       		.byte	19
 909 0371 28       		.byte	40
 910 0372 16       		.byte	22
 911 0373 42       		.byte	66
 912 0374 17       		.byte	23
ARM GAS  C:\Users\pxc\AppData\Local\Temp\cc4Dvv3w.s 			page 17


 913 0375 28       		.byte	40
 914 0376 19       		.byte	25
 915 0377 01       		.byte	1
 916 0378 1A       		.byte	26
 917 0379 40       		.byte	64
 918 037a 1D       		.byte	29
 919 037b C0       		.byte	-64
 920 037c 1F       		.byte	31
 921 037d 40       		.byte	64
 922 037e 22       		.byte	34
 923 037f 20       		.byte	32
 924 0380 23       		.byte	35
 925 0381 06       		.byte	6
 926 0382 27       		.byte	39
 927 0383 40       		.byte	64
 928 0384 28       		.byte	40
 929 0385 14       		.byte	20
 930 0386 2A       		.byte	42
 931 0387 06       		.byte	6
 932 0388 2B       		.byte	43
 933 0389 01       		.byte	1
 934 038a 2F       		.byte	47
 935 038b 40       		.byte	64
 936 038c 31       		.byte	49
 937 038d 49       		.byte	73
 938 038e 32       		.byte	50
 939 038f 20       		.byte	32
 940 0390 34       		.byte	52
 941 0391 40       		.byte	64
 942 0392 35       		.byte	53
 943 0393 01       		.byte	1
 944 0394 36       		.byte	54
 945 0395 20       		.byte	32
 946 0396 37       		.byte	55
 947 0397 08       		.byte	8
 948 0398 38       		.byte	56
 949 0399 2A       		.byte	42
 950 039a 39       		.byte	57
 951 039b 40       		.byte	64
 952 039c 3A       		.byte	58
 953 039d 40       		.byte	64
 954 039e 3D       		.byte	61
 955 039f 40       		.byte	64
 956 03a0 3E       		.byte	62
 957 03a1 02       		.byte	2
 958 03a2 3F       		.byte	63
 959 03a3 10       		.byte	16
 960 03a4 5B       		.byte	91
 961 03a5 10       		.byte	16
 962 03a6 69       		.byte	105
 963 03a7 14       		.byte	20
 964 03a8 6A       		.byte	106
 965 03a9 80       		.byte	-128
 966 03aa 70       		.byte	112
 967 03ab 94       		.byte	-108
 968 03ac 72       		.byte	114
 969 03ad 02       		.byte	2
ARM GAS  C:\Users\pxc\AppData\Local\Temp\cc4Dvv3w.s 			page 18


 970 03ae 73       		.byte	115
 971 03af 38       		.byte	56
 972 03b0 C0       		.byte	-64
 973 03b1 87       		.byte	-121
 974 03b2 C2       		.byte	-62
 975 03b3 DF       		.byte	-33
 976 03b4 C4       		.byte	-60
 977 03b5 FF       		.byte	-1
 978 03b6 CA       		.byte	-54
 979 03b7 8F       		.byte	-113
 980 03b8 CC       		.byte	-52
 981 03b9 FF       		.byte	-1
 982 03ba CE       		.byte	-50
 983 03bb BF       		.byte	-65
 984 03bc D6       		.byte	-42
 985 03bd 04       		.byte	4
 986 03be 32       		.byte	50
 987 03bf 20       		.byte	32
 988 03c0 37       		.byte	55
 989 03c1 20       		.byte	32
 990 03c2 CC       		.byte	-52
 991 03c3 30       		.byte	48
 992 03c4 86       		.byte	-122
 993 03c5 20       		.byte	32
 994 03c6 9F       		.byte	-97
 995 03c7 20       		.byte	32
 996 03c8 A6       		.byte	-90
 997 03c9 20       		.byte	32
 998 03ca E6       		.byte	-26
 999 03cb 40       		.byte	64
 1000 03cc 87       		.byte	-121
 1001 03cd 20       		.byte	32
 1002 03ce 9F       		.byte	-97
 1003 03cf 20       		.byte	32
 1004 03d0 E2       		.byte	-30
 1005 03d1 40       		.byte	64
 1006 03d2 09       		.byte	9
 1007 03d3 02       		.byte	2
 1008 03d4 5D       		.byte	93
 1009 03d5 02       		.byte	2
 1010 03d6 C2       		.byte	-62
 1011 03d7 08       		.byte	8
 1012 03d8 D6       		.byte	-42
 1013 03d9 01       		.byte	1
 1014 03da 85       		.byte	-123
 1015 03db 02       		.byte	2
 1016 03dc 9D       		.byte	-99
 1017 03dd 02       		.byte	2
 1018 03de B1       		.byte	-79
 1019 03df 02       		.byte	2
 1020 03e0 EE       		.byte	-18
 1021 03e1 04       		.byte	4
 1022 03e2 00       		.byte	0
 1023 03e3 01       		.byte	1
 1024 03e4 0C       		.byte	12
 1025 03e5 01       		.byte	1
 1026 03e6 0E       		.byte	14
ARM GAS  C:\Users\pxc\AppData\Local\Temp\cc4Dvv3w.s 			page 19


 1027 03e7 01       		.byte	1
 1028 03e8 00       		.byte	0
 1029 03e9 0F       		.byte	15
 1030 03ea 00       		.byte	0
 1031 03eb 00       		.byte	0
 1032 03ec 2C       		.byte	44
 1033 03ed 00       		.byte	0
 1034 03ee 10       		.byte	16
 1035 03ef 20       		.byte	32
 1036 03f0 2C       		.byte	44
 1037 03f1 00       		.byte	0
 1038 03f2 20       		.byte	32
 1039 03f3 00       		.byte	0
 1040 03f4 00       		.byte	0
 1041 03f5 00       		.byte	0
 1042 03f6 00       		.byte	0
 1043 03f7 00       		.byte	0
 1044              		.section	.cywolatch,"a",%progbits
 1045              		.align	2
 1046              		.type	cy_meta_wonvl, %object
 1047              		.size	cy_meta_wonvl, 4
 1048              	cy_meta_wonvl:
 1049 0000 BC       		.byte	-68
 1050 0001 90       		.byte	-112
 1051 0002 AC       		.byte	-84
 1052 0003 AF       		.byte	-81
 1053              		.section	.cycustnvl,"a",%progbits
 1054              		.align	2
 1055              		.type	cy_meta_custnvl, %object
 1056              		.size	cy_meta_custnvl, 4
 1057              	cy_meta_custnvl:
 1058 0000 00       		.byte	0
 1059 0001 00       		.byte	0
 1060 0002 40       		.byte	64
 1061 0003 05       		.byte	5
 1062              		.section	.cymeta,"a",%progbits
 1063              		.align	2
 1064              		.type	cy_metadata, %object
 1065              		.size	cy_metadata, 12
 1066              	cy_metadata:
 1067 0000 00       		.byte	0
 1068 0001 01       		.byte	1
 1069 0002 2E       		.byte	46
 1070 0003 12       		.byte	18
 1071 0004 30       		.byte	48
 1072 0005 69       		.byte	105
 1073 0006 00       		.byte	0
 1074 0007 01       		.byte	1
 1075 0008 00       		.byte	0
 1076 0009 00       		.byte	0
 1077 000a 00       		.byte	0
 1078 000b 00       		.byte	0
 1079              		.section	.cyflashprotect,"a",%progbits
 1080              		.align	2
 1081              		.type	cy_meta_flashprotect, %object
 1082              		.size	cy_meta_flashprotect, 256
 1083              	cy_meta_flashprotect:
ARM GAS  C:\Users\pxc\AppData\Local\Temp\cc4Dvv3w.s 			page 20


 1084 0000 00000000 		.space	256
 1084      00000000 
 1084      00000000 
 1084      00000000 
 1084      00000000 
 1085              		.text
 1086              	.Letext0:
 1087              		.file 1 ".\\Generated_Source\\PSoC5\\cymetadata.c"
 1088              		.file 2 ".\\Generated_Source\\PSoC5\\cytypes.h"
 1089              		.section	.debug_info,"",%progbits
 1090              	.Ldebug_info0:
 1091 0000 36010000 		.4byte	0x136
 1092 0004 0400     		.2byte	0x4
 1093 0006 00000000 		.4byte	.Ldebug_abbrev0
 1094 000a 04       		.byte	0x4
 1095 000b 01       		.uleb128 0x1
 1096 000c 94000000 		.4byte	.LASF18
 1097 0010 01       		.byte	0x1
 1098 0011 00000000 		.4byte	.LASF19
 1099 0015 9E010000 		.4byte	.LASF20
 1100 0019 00000000 		.4byte	.Ldebug_line0
 1101 001d 02       		.uleb128 0x2
 1102 001e 01       		.byte	0x1
 1103 001f 06       		.byte	0x6
 1104 0020 CF010000 		.4byte	.LASF0
 1105 0024 02       		.uleb128 0x2
 1106 0025 01       		.byte	0x1
 1107 0026 08       		.byte	0x8
 1108 0027 38000000 		.4byte	.LASF1
 1109 002b 02       		.uleb128 0x2
 1110 002c 02       		.byte	0x2
 1111 002d 05       		.byte	0x5
 1112 002e 85010000 		.4byte	.LASF2
 1113 0032 02       		.uleb128 0x2
 1114 0033 02       		.byte	0x2
 1115 0034 07       		.byte	0x7
 1116 0035 58000000 		.4byte	.LASF3
 1117 0039 02       		.uleb128 0x2
 1118 003a 04       		.byte	0x4
 1119 003b 05       		.byte	0x5
 1120 003c 95010000 		.4byte	.LASF4
 1121 0040 02       		.uleb128 0x2
 1122 0041 04       		.byte	0x4
 1123 0042 07       		.byte	0x7
 1124 0043 46000000 		.4byte	.LASF5
 1125 0047 02       		.uleb128 0x2
 1126 0048 08       		.byte	0x8
 1127 0049 05       		.byte	0x5
 1128 004a 72010000 		.4byte	.LASF6
 1129 004e 02       		.uleb128 0x2
 1130 004f 08       		.byte	0x8
 1131 0050 07       		.byte	0x7
 1132 0051 2F010000 		.4byte	.LASF7
 1133 0055 03       		.uleb128 0x3
 1134 0056 04       		.byte	0x4
 1135 0057 05       		.byte	0x5
 1136 0058 696E7400 		.ascii	"int\000"
ARM GAS  C:\Users\pxc\AppData\Local\Temp\cc4Dvv3w.s 			page 21


 1137 005c 02       		.uleb128 0x2
 1138 005d 04       		.byte	0x4
 1139 005e 07       		.byte	0x7
 1140 005f 22010000 		.4byte	.LASF8
 1141 0063 04       		.uleb128 0x4
 1142 0064 8F010000 		.4byte	.LASF21
 1143 0068 02       		.byte	0x2
 1144 0069 C2       		.byte	0xc2
 1145 006a 24000000 		.4byte	0x24
 1146 006e 02       		.uleb128 0x2
 1147 006f 04       		.byte	0x4
 1148 0070 04       		.byte	0x4
 1149 0071 32000000 		.4byte	.LASF9
 1150 0075 02       		.uleb128 0x2
 1151 0076 08       		.byte	0x8
 1152 0077 04       		.byte	0x4
 1153 0078 6B000000 		.4byte	.LASF10
 1154 007c 02       		.uleb128 0x2
 1155 007d 01       		.byte	0x1
 1156 007e 08       		.byte	0x8
 1157 007f 80010000 		.4byte	.LASF11
 1158 0083 05       		.uleb128 0x5
 1159 0084 63000000 		.4byte	0x63
 1160 0088 94000000 		.4byte	0x94
 1161 008c 06       		.uleb128 0x6
 1162 008d 94000000 		.4byte	0x94
 1163 0091 F703     		.2byte	0x3f7
 1164 0093 00       		.byte	0
 1165 0094 02       		.uleb128 0x2
 1166 0095 04       		.byte	0x4
 1167 0096 07       		.byte	0x7
 1168 0097 69010000 		.4byte	.LASF12
 1169 009b 07       		.uleb128 0x7
 1170 009c 82000000 		.4byte	.LASF13
 1171 00a0 01       		.byte	0x1
 1172 00a1 1C       		.byte	0x1c
 1173 00a2 AC000000 		.4byte	0xac
 1174 00a6 05       		.uleb128 0x5
 1175 00a7 03       		.byte	0x3
 1176 00a8 00000000 		.4byte	cy_meta_configecc
 1177 00ac 08       		.uleb128 0x8
 1178 00ad 83000000 		.4byte	0x83
 1179 00b1 05       		.uleb128 0x5
 1180 00b2 63000000 		.4byte	0x63
 1181 00b6 C1000000 		.4byte	0xc1
 1182 00ba 09       		.uleb128 0x9
 1183 00bb 94000000 		.4byte	0x94
 1184 00bf 03       		.byte	0x3
 1185 00c0 00       		.byte	0
 1186 00c1 07       		.uleb128 0x7
 1187 00c2 72000000 		.4byte	.LASF14
 1188 00c6 01       		.byte	0x1
 1189 00c7 A5       		.byte	0xa5
 1190 00c8 D2000000 		.4byte	0xd2
 1191 00cc 05       		.uleb128 0x5
 1192 00cd 03       		.byte	0x3
 1193 00ce 00000000 		.4byte	cy_meta_custnvl
ARM GAS  C:\Users\pxc\AppData\Local\Temp\cc4Dvv3w.s 			page 22


 1194 00d2 08       		.uleb128 0x8
 1195 00d3 B1000000 		.4byte	0xb1
 1196 00d7 07       		.uleb128 0x7
 1197 00d8 5B010000 		.4byte	.LASF15
 1198 00dc 01       		.byte	0x1
 1199 00dd B0       		.byte	0xb0
 1200 00de E8000000 		.4byte	0xe8
 1201 00e2 05       		.uleb128 0x5
 1202 00e3 03       		.byte	0x3
 1203 00e4 00000000 		.4byte	cy_meta_wonvl
 1204 00e8 08       		.uleb128 0x8
 1205 00e9 B1000000 		.4byte	0xb1
 1206 00ed 05       		.uleb128 0x5
 1207 00ee 63000000 		.4byte	0x63
 1208 00f2 FD000000 		.4byte	0xfd
 1209 00f6 09       		.uleb128 0x9
 1210 00f7 94000000 		.4byte	0x94
 1211 00fb FF       		.byte	0xff
 1212 00fc 00       		.byte	0
 1213 00fd 07       		.uleb128 0x7
 1214 00fe 46010000 		.4byte	.LASF16
 1215 0102 01       		.byte	0x1
 1216 0103 BB       		.byte	0xbb
 1217 0104 0E010000 		.4byte	0x10e
 1218 0108 05       		.uleb128 0x5
 1219 0109 03       		.byte	0x3
 1220 010a 00000000 		.4byte	cy_meta_flashprotect
 1221 010e 08       		.uleb128 0x8
 1222 010f ED000000 		.4byte	0xed
 1223 0113 05       		.uleb128 0x5
 1224 0114 63000000 		.4byte	0x63
 1225 0118 23010000 		.4byte	0x123
 1226 011c 09       		.uleb128 0x9
 1227 011d 94000000 		.4byte	0x94
 1228 0121 0B       		.byte	0xb
 1229 0122 00       		.byte	0
 1230 0123 07       		.uleb128 0x7
 1231 0124 26000000 		.4byte	.LASF17
 1232 0128 01       		.byte	0x1
 1233 0129 E5       		.byte	0xe5
 1234 012a 34010000 		.4byte	0x134
 1235 012e 05       		.uleb128 0x5
 1236 012f 03       		.byte	0x3
 1237 0130 00000000 		.4byte	cy_metadata
 1238 0134 08       		.uleb128 0x8
 1239 0135 13010000 		.4byte	0x113
 1240 0139 00       		.byte	0
 1241              		.section	.debug_abbrev,"",%progbits
 1242              	.Ldebug_abbrev0:
 1243 0000 01       		.uleb128 0x1
 1244 0001 11       		.uleb128 0x11
 1245 0002 01       		.byte	0x1
 1246 0003 25       		.uleb128 0x25
 1247 0004 0E       		.uleb128 0xe
 1248 0005 13       		.uleb128 0x13
 1249 0006 0B       		.uleb128 0xb
 1250 0007 03       		.uleb128 0x3
ARM GAS  C:\Users\pxc\AppData\Local\Temp\cc4Dvv3w.s 			page 23


 1251 0008 0E       		.uleb128 0xe
 1252 0009 1B       		.uleb128 0x1b
 1253 000a 0E       		.uleb128 0xe
 1254 000b 10       		.uleb128 0x10
 1255 000c 17       		.uleb128 0x17
 1256 000d 00       		.byte	0
 1257 000e 00       		.byte	0
 1258 000f 02       		.uleb128 0x2
 1259 0010 24       		.uleb128 0x24
 1260 0011 00       		.byte	0
 1261 0012 0B       		.uleb128 0xb
 1262 0013 0B       		.uleb128 0xb
 1263 0014 3E       		.uleb128 0x3e
 1264 0015 0B       		.uleb128 0xb
 1265 0016 03       		.uleb128 0x3
 1266 0017 0E       		.uleb128 0xe
 1267 0018 00       		.byte	0
 1268 0019 00       		.byte	0
 1269 001a 03       		.uleb128 0x3
 1270 001b 24       		.uleb128 0x24
 1271 001c 00       		.byte	0
 1272 001d 0B       		.uleb128 0xb
 1273 001e 0B       		.uleb128 0xb
 1274 001f 3E       		.uleb128 0x3e
 1275 0020 0B       		.uleb128 0xb
 1276 0021 03       		.uleb128 0x3
 1277 0022 08       		.uleb128 0x8
 1278 0023 00       		.byte	0
 1279 0024 00       		.byte	0
 1280 0025 04       		.uleb128 0x4
 1281 0026 16       		.uleb128 0x16
 1282 0027 00       		.byte	0
 1283 0028 03       		.uleb128 0x3
 1284 0029 0E       		.uleb128 0xe
 1285 002a 3A       		.uleb128 0x3a
 1286 002b 0B       		.uleb128 0xb
 1287 002c 3B       		.uleb128 0x3b
 1288 002d 0B       		.uleb128 0xb
 1289 002e 49       		.uleb128 0x49
 1290 002f 13       		.uleb128 0x13
 1291 0030 00       		.byte	0
 1292 0031 00       		.byte	0
 1293 0032 05       		.uleb128 0x5
 1294 0033 01       		.uleb128 0x1
 1295 0034 01       		.byte	0x1
 1296 0035 49       		.uleb128 0x49
 1297 0036 13       		.uleb128 0x13
 1298 0037 01       		.uleb128 0x1
 1299 0038 13       		.uleb128 0x13
 1300 0039 00       		.byte	0
 1301 003a 00       		.byte	0
 1302 003b 06       		.uleb128 0x6
 1303 003c 21       		.uleb128 0x21
 1304 003d 00       		.byte	0
 1305 003e 49       		.uleb128 0x49
 1306 003f 13       		.uleb128 0x13
 1307 0040 2F       		.uleb128 0x2f
ARM GAS  C:\Users\pxc\AppData\Local\Temp\cc4Dvv3w.s 			page 24


 1308 0041 05       		.uleb128 0x5
 1309 0042 00       		.byte	0
 1310 0043 00       		.byte	0
 1311 0044 07       		.uleb128 0x7
 1312 0045 34       		.uleb128 0x34
 1313 0046 00       		.byte	0
 1314 0047 03       		.uleb128 0x3
 1315 0048 0E       		.uleb128 0xe
 1316 0049 3A       		.uleb128 0x3a
 1317 004a 0B       		.uleb128 0xb
 1318 004b 3B       		.uleb128 0x3b
 1319 004c 0B       		.uleb128 0xb
 1320 004d 49       		.uleb128 0x49
 1321 004e 13       		.uleb128 0x13
 1322 004f 3F       		.uleb128 0x3f
 1323 0050 19       		.uleb128 0x19
 1324 0051 02       		.uleb128 0x2
 1325 0052 18       		.uleb128 0x18
 1326 0053 00       		.byte	0
 1327 0054 00       		.byte	0
 1328 0055 08       		.uleb128 0x8
 1329 0056 26       		.uleb128 0x26
 1330 0057 00       		.byte	0
 1331 0058 49       		.uleb128 0x49
 1332 0059 13       		.uleb128 0x13
 1333 005a 00       		.byte	0
 1334 005b 00       		.byte	0
 1335 005c 09       		.uleb128 0x9
 1336 005d 21       		.uleb128 0x21
 1337 005e 00       		.byte	0
 1338 005f 49       		.uleb128 0x49
 1339 0060 13       		.uleb128 0x13
 1340 0061 2F       		.uleb128 0x2f
 1341 0062 0B       		.uleb128 0xb
 1342 0063 00       		.byte	0
 1343 0064 00       		.byte	0
 1344 0065 00       		.byte	0
 1345              		.section	.debug_aranges,"",%progbits
 1346 0000 14000000 		.4byte	0x14
 1347 0004 0200     		.2byte	0x2
 1348 0006 00000000 		.4byte	.Ldebug_info0
 1349 000a 04       		.byte	0x4
 1350 000b 00       		.byte	0
 1351 000c 0000     		.2byte	0
 1352 000e 0000     		.2byte	0
 1353 0010 00000000 		.4byte	0
 1354 0014 00000000 		.4byte	0
 1355              		.section	.debug_line,"",%progbits
 1356              	.Ldebug_line0:
 1357 0000 4F000000 		.section	.debug_str,"MS",%progbits,1
 1357      02004900 
 1357      00000201 
 1357      FB0E0D00 
 1357      01010101 
 1358              	.LASF19:
 1359 0000 2E5C4765 		.ascii	".\\Generated_Source\\PSoC5\\cymetadata.c\000"
 1359      6E657261 
ARM GAS  C:\Users\pxc\AppData\Local\Temp\cc4Dvv3w.s 			page 25


 1359      7465645F 
 1359      536F7572 
 1359      63655C50 
 1360              	.LASF17:
 1361 0026 63795F6D 		.ascii	"cy_metadata\000"
 1361      65746164 
 1361      61746100 
 1362              	.LASF9:
 1363 0032 666C6F61 		.ascii	"float\000"
 1363      7400
 1364              	.LASF1:
 1365 0038 756E7369 		.ascii	"unsigned char\000"
 1365      676E6564 
 1365      20636861 
 1365      7200
 1366              	.LASF5:
 1367 0046 6C6F6E67 		.ascii	"long unsigned int\000"
 1367      20756E73 
 1367      69676E65 
 1367      6420696E 
 1367      7400
 1368              	.LASF3:
 1369 0058 73686F72 		.ascii	"short unsigned int\000"
 1369      7420756E 
 1369      7369676E 
 1369      65642069 
 1369      6E7400
 1370              	.LASF10:
 1371 006b 646F7562 		.ascii	"double\000"
 1371      6C6500
 1372              	.LASF14:
 1373 0072 63795F6D 		.ascii	"cy_meta_custnvl\000"
 1373      6574615F 
 1373      63757374 
 1373      6E766C00 
 1374              	.LASF13:
 1375 0082 63795F6D 		.ascii	"cy_meta_configecc\000"
 1375      6574615F 
 1375      636F6E66 
 1375      69676563 
 1375      6300
 1376              	.LASF18:
 1377 0094 474E5520 		.ascii	"GNU C 4.9.3 20150303 (release) [ARM/embedded-4_9-br"
 1377      4320342E 
 1377      392E3320 
 1377      32303135 
 1377      30333033 
 1378 00c7 616E6368 		.ascii	"anch revision 221220] -mcpu=cortex-m3 -mthumb -g -O"
 1378      20726576 
 1378      6973696F 
 1378      6E203232 
 1378      31323230 
 1379 00fa 67202D66 		.ascii	"g -ffunction-sections -ffat-lto-objects\000"
 1379      66756E63 
 1379      74696F6E 
 1379      2D736563 
 1379      74696F6E 
ARM GAS  C:\Users\pxc\AppData\Local\Temp\cc4Dvv3w.s 			page 26


 1380              	.LASF8:
 1381 0122 756E7369 		.ascii	"unsigned int\000"
 1381      676E6564 
 1381      20696E74 
 1381      00
 1382              	.LASF7:
 1383 012f 6C6F6E67 		.ascii	"long long unsigned int\000"
 1383      206C6F6E 
 1383      6720756E 
 1383      7369676E 
 1383      65642069 
 1384              	.LASF16:
 1385 0146 63795F6D 		.ascii	"cy_meta_flashprotect\000"
 1385      6574615F 
 1385      666C6173 
 1385      6870726F 
 1385      74656374 
 1386              	.LASF15:
 1387 015b 63795F6D 		.ascii	"cy_meta_wonvl\000"
 1387      6574615F 
 1387      776F6E76 
 1387      6C00
 1388              	.LASF12:
 1389 0169 73697A65 		.ascii	"sizetype\000"
 1389      74797065 
 1389      00
 1390              	.LASF6:
 1391 0172 6C6F6E67 		.ascii	"long long int\000"
 1391      206C6F6E 
 1391      6720696E 
 1391      7400
 1392              	.LASF11:
 1393 0180 63686172 		.ascii	"char\000"
 1393      00
 1394              	.LASF2:
 1395 0185 73686F72 		.ascii	"short int\000"
 1395      7420696E 
 1395      7400
 1396              	.LASF21:
 1397 018f 75696E74 		.ascii	"uint8\000"
 1397      3800
 1398              	.LASF4:
 1399 0195 6C6F6E67 		.ascii	"long int\000"
 1399      20696E74 
 1399      00
 1400              	.LASF20:
 1401 019e 443A5C72 		.ascii	"D:\\robot\\code\\robot_T\\Workspace01\\T_senser.cyd"
 1401      6F626F74 
 1401      5C636F64 
 1401      655C726F 
 1401      626F745F 
 1402 01cc 736E00   		.ascii	"sn\000"
 1403              	.LASF0:
 1404 01cf 7369676E 		.ascii	"signed char\000"
 1404      65642063 
 1404      68617200 
 1405              		.ident	"GCC: (GNU Tools for ARM Embedded Processors) 4.9.3 20150303 (release) [ARM/embedded-4_9-br
ARM GAS  C:\Users\pxc\AppData\Local\Temp\cc4Dvv3w.s 			page 27


